<?xml version="1.0" encoding="UTF-8"?>
<!-- Generated by org.testng.reporters.JUnitReportReporter -->
<testsuite skipped="0" hostname="PRK-PC" name="test.print" tests="1" failures="0" timestamp="11 Apr 2017 04:04:43 GMT" time="13.057" errors="0">
  <testcase name="launch" time="13.057" classname="test.print"/>
</testsuite> <!-- test.print -->
